<?xml version="1.0" encoding="UTF-8"?>
<coverage generated="1698666253224" clover="3.2.0">
  <project timestamp="1698666253225" name="All files">
    <metrics statements="29" coveredstatements="17" conditionals="8" coveredconditionals="3" methods="7" coveredmethods="3" elements="44" coveredelements="23" complexity="0" loc="29" ncloc="29" packages="1" files="1" classes="1"/>
    <file name="player.js" path="/home/lewis/Desktop/Projects/2023/Oct/battleship/src/player.js">
      <metrics statements="29" coveredstatements="17" conditionals="8" coveredconditionals="3" methods="7" coveredmethods="3"/>
      <line num="1" count="1" type="stmt"/>
      <line num="2" count="4" type="stmt"/>
      <line num="4" count="4" type="stmt"/>
      <line num="6" count="6" type="cond" truecount="2" falsecount="0"/>
      <line num="7" count="4" type="stmt"/>
      <line num="8" count="4" type="stmt"/>
      <line num="10" count="2" type="stmt"/>
      <line num="13" count="2" type="cond" truecount="1" falsecount="1"/>
      <line num="15" count="0" type="stmt"/>
      <line num="16" count="0" type="stmt"/>
      <line num="17" count="0" type="stmt"/>
      <line num="20" count="0" type="cond" truecount="0" falsecount="2"/>
      <line num="22" count="0" type="stmt"/>
      <line num="25" count="0" type="stmt"/>
      <line num="26" count="0" type="stmt"/>
      <line num="27" count="0" type="stmt"/>
      <line num="30" count="0" type="stmt"/>
      <line num="31" count="0" type="stmt"/>
      <line num="35" count="2" type="stmt"/>
      <line num="36" count="2" type="stmt"/>
      <line num="40" count="6" type="stmt"/>
      <line num="41" count="6" type="stmt"/>
      <line num="42" count="6" type="stmt"/>
      <line num="45" count="12" type="stmt"/>
      <line num="47" count="4" type="stmt"/>
      <line num="54" count="4" type="stmt"/>
      <line num="55" count="0" type="stmt"/>
      <line num="56" count="0" type="cond" truecount="0" falsecount="2"/>
      <line num="60" count="4" type="stmt"/>
    </file>
  </project>
</coverage>
