{"/home/lewis/Desktop/Projects/2023/Oct/battleship/src/ship.js": {"path":"/home/lewis/Desktop/Projects/2023/Oct/battleship/src/ship.js","statementMap":{"0":{"start":{"line":1,"column":19},"end":{"line":42,"column":1}},"1":{"start":{"line":2,"column":13},"end":{"line":2,"column":21}},"2":{"start":{"line":3,"column":15},"end":{"line":3,"column":25}},"3":{"start":{"line":4,"column":17},"end":{"line":4,"column":18}},"4":{"start":{"line":5,"column":15},"end":{"line":5,"column":20}},"5":{"start":{"line":6,"column":16},"end":{"line":6,"column":21}},"6":{"start":{"line":8,"column":18},"end":{"line":8,"column":28}},"7":{"start":{"line":8,"column":24},"end":{"line":8,"column":28}},"8":{"start":{"line":9,"column":20},"end":{"line":9,"column":32}},"9":{"start":{"line":9,"column":26},"end":{"line":9,"column":32}},"10":{"start":{"line":10,"column":19},"end":{"line":10,"column":32}},"11":{"start":{"line":10,"column":25},"end":{"line":10,"column":32}},"12":{"start":{"line":11,"column":22},"end":{"line":11,"column":36}},"13":{"start":{"line":11,"column":28},"end":{"line":11,"column":36}},"14":{"start":{"line":12,"column":18},"end":{"line":12,"column":30}},"15":{"start":{"line":12,"column":24},"end":{"line":12,"column":30}},"16":{"start":{"line":14,"column":16},"end":{"line":16,"column":3}},"17":{"start":{"line":15,"column":4},"end":{"line":15,"column":19}},"18":{"start":{"line":18,"column":14},"end":{"line":21,"column":3}},"19":{"start":{"line":19,"column":4},"end":{"line":19,"column":18}},"20":{"start":{"line":20,"column":4},"end":{"line":20,"column":36}},"21":{"start":{"line":20,"column":29},"end":{"line":20,"column":36}},"22":{"start":{"line":23,"column":15},"end":{"line":25,"column":3}},"23":{"start":{"line":24,"column":4},"end":{"line":24,"column":18}},"24":{"start":{"line":27,"column":21},"end":{"line":29,"column":3}},"25":{"start":{"line":28,"column":4},"end":{"line":28,"column":20}},"26":{"start":{"line":31,"column":2},"end":{"line":41,"column":4}}},"fnMap":{"0":{"name":"(anonymous_0)","decl":{"start":{"line":1,"column":19},"end":{"line":1,"column":20}},"loc":{"start":{"line":1,"column":45},"end":{"line":42,"column":1}},"line":1},"1":{"name":"(anonymous_1)","decl":{"start":{"line":8,"column":18},"end":{"line":8,"column":19}},"loc":{"start":{"line":8,"column":24},"end":{"line":8,"column":28}},"line":8},"2":{"name":"(anonymous_2)","decl":{"start":{"line":9,"column":20},"end":{"line":9,"column":21}},"loc":{"start":{"line":9,"column":26},"end":{"line":9,"column":32}},"line":9},"3":{"name":"(anonymous_3)","decl":{"start":{"line":10,"column":19},"end":{"line":10,"column":20}},"loc":{"start":{"line":10,"column":25},"end":{"line":10,"column":32}},"line":10},"4":{"name":"(anonymous_4)","decl":{"start":{"line":11,"column":22},"end":{"line":11,"column":23}},"loc":{"start":{"line":11,"column":28},"end":{"line":11,"column":36}},"line":11},"5":{"name":"(anonymous_5)","decl":{"start":{"line":12,"column":18},"end":{"line":12,"column":19}},"loc":{"start":{"line":12,"column":24},"end":{"line":12,"column":30}},"line":12},"6":{"name":"(anonymous_6)","decl":{"start":{"line":14,"column":16},"end":{"line":14,"column":17}},"loc":{"start":{"line":14,"column":22},"end":{"line":16,"column":3}},"line":14},"7":{"name":"(anonymous_7)","decl":{"start":{"line":18,"column":14},"end":{"line":18,"column":15}},"loc":{"start":{"line":18,"column":20},"end":{"line":21,"column":3}},"line":18},"8":{"name":"(anonymous_8)","decl":{"start":{"line":23,"column":15},"end":{"line":23,"column":16}},"loc":{"start":{"line":23,"column":21},"end":{"line":25,"column":3}},"line":23},"9":{"name":"(anonymous_9)","decl":{"start":{"line":27,"column":21},"end":{"line":27,"column":22}},"loc":{"start":{"line":27,"column":27},"end":{"line":29,"column":3}},"line":27}},"branchMap":{"0":{"loc":{"start":{"line":20,"column":4},"end":{"line":20,"column":36}},"type":"if","locations":[{"start":{"line":20,"column":4},"end":{"line":20,"column":36}},{"start":{},"end":{}}],"line":20}},"s":{"0":1,"1":4,"2":4,"3":4,"4":4,"5":4,"6":4,"7":0,"8":4,"9":0,"10":4,"11":0,"12":4,"13":2,"14":4,"15":2,"16":4,"17":0,"18":4,"19":10,"20":10,"21":2,"22":4,"23":2,"24":4,"25":0,"26":4},"f":{"0":4,"1":0,"2":0,"3":0,"4":2,"5":2,"6":0,"7":10,"8":2,"9":0},"b":{"0":[2,8]},"_coverageSchema":"1a1c01bbd47fc00a2c39e90264f33305004495a9","hash":"7a6ce533c4beded47701d341ad077318c005e9ee"}
}
