{"/home/lewis/Desktop/Projects/2023/Oct/battleship/src/player.js": {"path":"/home/lewis/Desktop/Projects/2023/Oct/battleship/src/player.js","statementMap":{"0":{"start":{"line":1,"column":21},"end":{"line":63,"column":1}},"1":{"start":{"line":2,"column":30},"end":{"line":2,"column":32}},"2":{"start":{"line":4,"column":22},"end":{"line":43,"column":3}},"3":{"start":{"line":6,"column":4},"end":{"line":38,"column":5}},"4":{"start":{"line":7,"column":6},"end":{"line":7,"column":32}},"5":{"start":{"line":8,"column":6},"end":{"line":8,"column":32}},"6":{"start":{"line":10,"column":22},"end":{"line":10,"column":73}},"7":{"start":{"line":13,"column":6},"end":{"line":37,"column":7}},"8":{"start":{"line":15,"column":36},"end":{"line":15,"column":67}},"9":{"start":{"line":16,"column":41},"end":{"line":18,"column":9}},"10":{"start":{"line":17,"column":10},"end":{"line":17,"column":55}},"11":{"start":{"line":20,"column":8},"end":{"line":32,"column":9}},"12":{"start":{"line":22,"column":30},"end":{"line":24,"column":11}},"13":{"start":{"line":25,"column":32},"end":{"line":25,"column":69}},"14":{"start":{"line":26,"column":10},"end":{"line":26,"column":30}},"15":{"start":{"line":27,"column":10},"end":{"line":27,"column":30}},"16":{"start":{"line":30,"column":10},"end":{"line":30,"column":36}},"17":{"start":{"line":31,"column":10},"end":{"line":31,"column":36}},"18":{"start":{"line":35,"column":8},"end":{"line":35,"column":34}},"19":{"start":{"line":36,"column":8},"end":{"line":36,"column":34}},"20":{"start":{"line":40,"column":4},"end":{"line":40,"column":39}},"21":{"start":{"line":41,"column":18},"end":{"line":41,"column":52}},"22":{"start":{"line":42,"column":4},"end":{"line":42,"column":27}},"23":{"start":{"line":45,"column":30},"end":{"line":45,"column":66}},"24":{"start":{"line":45,"column":36},"end":{"line":45,"column":66}},"25":{"start":{"line":47,"column":33},"end":{"line":52,"column":3}},"26":{"start":{"line":47,"column":47},"end":{"line":52,"column":3}},"27":{"start":{"line":54,"column":28},"end":{"line":58,"column":3}},"28":{"start":{"line":55,"column":4},"end":{"line":57,"column":6}},"29":{"start":{"line":56,"column":17},"end":{"line":56,"column":69}},"30":{"start":{"line":60,"column":2},"end":{"line":62,"column":4}}},"fnMap":{"0":{"name":"(anonymous_0)","decl":{"start":{"line":1,"column":21},"end":{"line":1,"column":22}},"loc":{"start":{"line":1,"column":27},"end":{"line":63,"column":1}},"line":1},"1":{"name":"(anonymous_1)","decl":{"start":{"line":4,"column":22},"end":{"line":4,"column":23}},"loc":{"start":{"line":4,"column":42},"end":{"line":43,"column":3}},"line":4},"2":{"name":"(anonymous_2)","decl":{"start":{"line":16,"column":68},"end":{"line":16,"column":69}},"loc":{"start":{"line":17,"column":10},"end":{"line":17,"column":55}},"line":17},"3":{"name":"(anonymous_3)","decl":{"start":{"line":45,"column":30},"end":{"line":45,"column":31}},"loc":{"start":{"line":45,"column":36},"end":{"line":45,"column":66}},"line":45},"4":{"name":"(anonymous_4)","decl":{"start":{"line":47,"column":33},"end":{"line":47,"column":34}},"loc":{"start":{"line":47,"column":47},"end":{"line":52,"column":3}},"line":47},"5":{"name":"(anonymous_5)","decl":{"start":{"line":54,"column":28},"end":{"line":54,"column":29}},"loc":{"start":{"line":54,"column":65},"end":{"line":58,"column":3}},"line":54},"6":{"name":"(anonymous_6)","decl":{"start":{"line":56,"column":6},"end":{"line":56,"column":7}},"loc":{"start":{"line":56,"column":17},"end":{"line":56,"column":69}},"line":56}},"branchMap":{"0":{"loc":{"start":{"line":6,"column":4},"end":{"line":38,"column":5}},"type":"if","locations":[{"start":{"line":6,"column":4},"end":{"line":38,"column":5}},{"start":{"line":9,"column":11},"end":{"line":38,"column":5}}],"line":6},"1":{"loc":{"start":{"line":13,"column":6},"end":{"line":37,"column":7}},"type":"if","locations":[{"start":{"line":13,"column":6},"end":{"line":37,"column":7}},{"start":{"line":33,"column":13},"end":{"line":37,"column":7}}],"line":13},"2":{"loc":{"start":{"line":20,"column":8},"end":{"line":32,"column":9}},"type":"if","locations":[{"start":{"line":20,"column":8},"end":{"line":32,"column":9}},{"start":{"line":28,"column":15},"end":{"line":32,"column":9}}],"line":20},"3":{"loc":{"start":{"line":56,"column":17},"end":{"line":56,"column":69}},"type":"binary-expr","locations":[{"start":{"line":56,"column":17},"end":{"line":56,"column":41}},{"start":{"line":56,"column":45},"end":{"line":56,"column":69}}],"line":56}},"s":{"0":1,"1":4,"2":4,"3":6,"4":4,"5":4,"6":2,"7":2,"8":0,"9":0,"10":0,"11":0,"12":0,"13":0,"14":0,"15":0,"16":0,"17":0,"18":2,"19":2,"20":6,"21":6,"22":6,"23":4,"24":12,"25":4,"26":0,"27":4,"28":0,"29":0,"30":4},"f":{"0":4,"1":6,"2":0,"3":12,"4":0,"5":0,"6":0},"b":{"0":[4,2],"1":[0,2],"2":[0,0],"3":[0,0]},"_coverageSchema":"1a1c01bbd47fc00a2c39e90264f33305004495a9","hash":"81b351e238242a0c8b55b3eabe98b1195ca9f83b"}
}
