TN:
SF:src/ship.js
FN:1,(anonymous_0)
FN:8,(anonymous_1)
FN:9,(anonymous_2)
FN:10,(anonymous_3)
FN:11,(anonymous_4)
FN:12,(anonymous_5)
FN:14,(anonymous_6)
FN:18,(anonymous_7)
FN:23,(anonymous_8)
FN:27,(anonymous_9)
FNF:10
FNH:5
FNDA:4,(anonymous_0)
FNDA:0,(anonymous_1)
FNDA:0,(anonymous_2)
FNDA:0,(anonymous_3)
FNDA:2,(anonymous_4)
FNDA:2,(anonymous_5)
FNDA:0,(anonymous_6)
FNDA:10,(anonymous_7)
FNDA:2,(anonymous_8)
FNDA:0,(anonymous_9)
DA:1,1
DA:2,4
DA:3,4
DA:4,4
DA:5,4
DA:6,4
DA:8,4
DA:9,4
DA:10,4
DA:11,4
DA:12,4
DA:14,4
DA:15,0
DA:18,4
DA:19,10
DA:20,10
DA:23,4
DA:24,2
DA:27,4
DA:28,0
DA:31,4
LF:21
LH:19
BRDA:20,0,0,2
BRDA:20,0,1,8
BRF:2
BRH:2
end_of_record
