TN:
SF:src/player.js
FN:1,(anonymous_0)
FN:4,(anonymous_1)
FN:16,(anonymous_2)
FN:45,(anonymous_3)
FN:47,(anonymous_4)
FN:54,(anonymous_5)
FN:56,(anonymous_6)
FNF:7
FNH:3
FNDA:4,(anonymous_0)
FNDA:6,(anonymous_1)
FNDA:0,(anonymous_2)
FNDA:12,(anonymous_3)
FNDA:0,(anonymous_4)
FNDA:0,(anonymous_5)
FNDA:0,(anonymous_6)
DA:1,1
DA:2,4
DA:4,4
DA:6,6
DA:7,4
DA:8,4
DA:10,2
DA:13,2
DA:15,0
DA:16,0
DA:17,0
DA:20,0
DA:22,0
DA:25,0
DA:26,0
DA:27,0
DA:30,0
DA:31,0
DA:35,2
DA:36,2
DA:40,6
DA:41,6
DA:42,6
DA:45,12
DA:47,4
DA:54,4
DA:55,0
DA:56,0
DA:60,4
LF:29
LH:17
BRDA:6,0,0,4
BRDA:6,0,1,2
BRDA:13,1,0,0
BRDA:13,1,1,2
BRDA:20,2,0,0
BRDA:20,2,1,0
BRDA:56,3,0,0
BRDA:56,3,1,0
BRF:8
BRH:3
end_of_record
